TN:
SF:src/presentation/controllers/signup.ts
FN:10,(anonymous_0)
FN:15,(anonymous_1)
FNF:2
FNH:2
FNDA:9,(anonymous_0)
FNDA:9,(anonymous_1)
DA:2,1
DA:3,1
DA:6,1
DA:11,9
DA:12,9
DA:16,9
DA:17,9
DA:19,9
DA:20,30
DA:21,4
DA:25,5
DA:27,5
DA:28,1
DA:30,4
DA:31,3
DA:32,1
DA:35,2
DA:41,1
LF:18
LH:18
BRDA:20,0,0,4
BRDA:20,0,1,26
BRDA:27,1,0,1
BRDA:27,1,1,4
BRDA:31,2,0,1
BRDA:31,2,1,2
BRF:6
BRH:6
end_of_record
TN:
SF:src/presentation/erros/index.ts
FNF:0
FNH:0
DA:1,1
DA:2,1
DA:3,1
LF:3
LH:3
BRF:0
BRH:0
end_of_record
TN:
SF:src/presentation/protocols/index.ts
FNF:0
FNH:0
DA:1,0
DA:2,0
DA:3,0
LF:3
LH:0
BRF:0
BRH:0
end_of_record
